{"contracts/AgentProxy.sol":{"l":{"37":3,"42":26,"43":25,"45":24,"46":24,"47":24,"50":24,"55":4,"56":4,"57":4,"61":3,"62":3,"63":3,"64":2,"65":2,"69":3,"70":2,"71":2,"85":14,"86":14,"89":12,"90":12,"92":12,"93":12,"95":12,"100":7,"101":7,"102":6,"103":6,"104":3,"106":3,"107":3,"108":3,"113":17},"path":"/mnt/d/Rede/Github/mzfshark/CryptoDraw/contracts/AgentProxy.sol","s":{"1":26,"2":25,"3":24,"4":24,"5":4,"6":4,"7":3,"8":3,"9":3,"10":2,"11":3,"12":2,"13":14,"14":14,"15":12,"16":12,"17":12,"18":7,"19":7,"20":1,"21":6,"22":6,"23":3,"24":3,"25":3,"26":17},"b":{"1":[26,1],"2":[25,1],"3":[24,1],"4":[4,1],"5":[3,0],"6":[3,0],"7":[2,1],"8":[3,0],"9":[2,1],"10":[14,0],"11":[12,2],"12":[12,0],"13":[7,0],"14":[1,6],"15":[3,3],"16":[3,0]},"f":{"1":3,"2":26,"3":4,"4":3,"5":3,"6":14,"7":7,"8":17},"fnMap":{"1":{"name":"constructor","line":36,"loc":{"start":{"line":36,"column":4},"end":{"line":38,"column":4}}},"2":{"name":"registerAgent","line":41,"loc":{"start":{"line":41,"column":4},"end":{"line":51,"column":4}}},"3":{"name":"deactivateAgent","line":53,"loc":{"start":{"line":53,"column":4},"end":{"line":58,"column":4}}},"4":{"name":"updateAgentCommissionRate","line":60,"loc":{"start":{"line":60,"column":4},"end":{"line":66,"column":4}}},"5":{"name":"setDefaultCommissionRate","line":68,"loc":{"start":{"line":68,"column":4},"end":{"line":72,"column":4}}},"6":{"name":"buyTicketThroughAgent","line":84,"loc":{"start":{"line":79,"column":4},"end":{"line":96,"column":4}}},"7":{"name":"withdrawCommission","line":99,"loc":{"start":{"line":99,"column":4},"end":{"line":109,"column":4}}},"8":{"name":"getAgentInfo","line":112,"loc":{"start":{"line":112,"column":4},"end":{"line":114,"column":4}}}},"statementMap":{"1":{"start":{"line":42,"column":8},"end":{"line":42,"column":53}},"2":{"start":{"line":43,"column":8},"end":{"line":43,"column":63}},"3":{"start":{"line":45,"column":8},"end":{"line":45,"column":46}},"4":{"start":{"line":50,"column":8},"end":{"line":50,"column":51}},"5":{"start":{"line":55,"column":8},"end":{"line":55,"column":46}},"6":{"start":{"line":57,"column":8},"end":{"line":57,"column":36}},"7":{"start":{"line":61,"column":8},"end":{"line":61,"column":56}},"8":{"start":{"line":62,"column":8},"end":{"line":62,"column":46}},"9":{"start":{"line":63,"column":8},"end":{"line":63,"column":46}},"10":{"start":{"line":65,"column":8},"end":{"line":65,"column":50}},"11":{"start":{"line":69,"column":8},"end":{"line":69,"column":56}},"12":{"start":{"line":71,"column":8},"end":{"line":71,"column":50}},"13":{"start":{"line":85,"column":4},"end":{"line":85,"column":42}},"14":{"start":{"line":86,"column":4},"end":{"line":86,"column":43}},"15":{"start":{"line":89,"column":8},"end":{"line":89,"column":91}},"16":{"start":{"line":90,"column":8},"end":{"line":90,"column":55}},"17":{"start":{"line":95,"column":8},"end":{"line":95,"column":59}},"18":{"start":{"line":100,"column":8},"end":{"line":100,"column":51}},"19":{"start":{"line":101,"column":8},"end":{"line":101,"column":86}},"20":{"start":{"line":101,"column":63},"end":{"line":101,"column":85}},"21":{"start":{"line":102,"column":8},"end":{"line":102,"column":51}},"22":{"start":{"line":103,"column":8},"end":{"line":103,"column":51}},"23":{"start":{"line":106,"column":8},"end":{"line":106,"column":65}},"24":{"start":{"line":107,"column":8},"end":{"line":107,"column":36}},"25":{"start":{"line":108,"column":8},"end":{"line":108,"column":52}},"26":{"start":{"line":113,"column":8},"end":{"line":113,"column":28}}},"branchMap":{"1":{"line":41,"type":"if","locations":[{"start":{"line":41,"column":74},"end":{"line":41,"column":74}},{"start":{"line":41,"column":74},"end":{"line":41,"column":74}}]},"2":{"line":42,"type":"if","locations":[{"start":{"line":42,"column":8},"end":{"line":42,"column":8}},{"start":{"line":42,"column":8},"end":{"line":42,"column":8}}]},"3":{"line":43,"type":"if","locations":[{"start":{"line":43,"column":8},"end":{"line":43,"column":8}},{"start":{"line":43,"column":8},"end":{"line":43,"column":8}}]},"4":{"line":53,"type":"if","locations":[{"start":{"line":53,"column":53},"end":{"line":53,"column":53}},{"start":{"line":53,"column":53},"end":{"line":53,"column":53}}]},"5":{"line":60,"type":"if","locations":[{"start":{"line":60,"column":79},"end":{"line":60,"column":79}},{"start":{"line":60,"column":79},"end":{"line":60,"column":79}}]},"6":{"line":61,"type":"if","locations":[{"start":{"line":61,"column":8},"end":{"line":61,"column":8}},{"start":{"line":61,"column":8},"end":{"line":61,"column":8}}]},"7":{"line":63,"type":"if","locations":[{"start":{"line":63,"column":8},"end":{"line":63,"column":8}},{"start":{"line":63,"column":8},"end":{"line":63,"column":8}}]},"8":{"line":68,"type":"if","locations":[{"start":{"line":68,"column":63},"end":{"line":68,"column":63}},{"start":{"line":68,"column":63},"end":{"line":68,"column":63}}]},"9":{"line":69,"type":"if","locations":[{"start":{"line":69,"column":8},"end":{"line":69,"column":8}},{"start":{"line":69,"column":8},"end":{"line":69,"column":8}}]},"10":{"line":84,"type":"if","locations":[{"start":{"line":84,"column":23},"end":{"line":84,"column":23}},{"start":{"line":84,"column":23},"end":{"line":84,"column":23}}]},"11":{"line":86,"type":"if","locations":[{"start":{"line":86,"column":4},"end":{"line":86,"column":4}},{"start":{"line":86,"column":4},"end":{"line":86,"column":4}}]},"12":{"line":89,"type":"if","locations":[{"start":{"line":89,"column":48},"end":{"line":89,"column":66}},{"start":{"line":89,"column":70},"end":{"line":89,"column":90}}]},"13":{"line":99,"type":"if","locations":[{"start":{"line":99,"column":43},"end":{"line":99,"column":43}},{"start":{"line":99,"column":43},"end":{"line":99,"column":43}}]},"14":{"line":101,"type":"if","locations":[{"start":{"line":101,"column":8},"end":{"line":101,"column":8}},{"start":{"line":101,"column":8},"end":{"line":101,"column":8}}]},"15":{"line":103,"type":"if","locations":[{"start":{"line":103,"column":8},"end":{"line":103,"column":8}},{"start":{"line":103,"column":8},"end":{"line":103,"column":8}}]},"16":{"line":107,"type":"if","locations":[{"start":{"line":107,"column":8},"end":{"line":107,"column":8}},{"start":{"line":107,"column":8},"end":{"line":107,"column":8}}]}}},"contracts/CryptoDrawV2.sol":{"l":{"176":83,"178":2,"181":81,"182":81,"183":81,"184":81,"185":81,"186":81,"187":81,"190":81,"191":81,"192":81,"196":81,"205":81,"213":81,"242":49,"243":49,"244":48,"245":46,"246":44,"249":41,"250":41,"251":18,"252":15,"254":23,"255":19,"259":34,"260":34,"262":34,"265":32,"267":30,"268":29,"269":29,"272":29,"273":1,"274":1,"278":2,"282":31,"285":31,"294":31,"295":31,"298":31,"299":6,"300":6,"303":31,"305":31,"320":7,"321":7,"324":6,"325":4,"327":2,"330":6,"331":6,"334":6,"336":6,"348":2,"349":2,"350":2,"351":2,"352":2,"364":0,"373":0,"374":0,"376":0,"377":0,"379":0,"382":0,"383":0,"384":0,"386":0,"390":0,"392":0,"393":0,"394":0,"396":0,"404":1,"405":1,"407":0,"412":0,"413":0,"420":3,"421":3,"423":3,"426":3,"427":3,"429":3,"443":28,"444":28,"445":28,"446":28,"447":28,"458":4,"462":4,"464":2,"477":4,"493":56,"494":54,"495":54,"497":2,"499":2,"500":5,"501":2,"502":2,"503":2,"508":56,"515":46,"525":3,"526":3,"533":10,"546":0,"547":0,"548":0,"549":0,"550":0,"557":5,"564":1,"574":2,"576":2,"577":1,"578":1,"580":1,"583":2,"592":41,"593":41,"595":41,"598":41,"599":33,"601":33,"612":33,"615":41,"622":6,"623":6,"625":6,"626":6,"627":6,"628":6,"633":6,"644":0,"646":0,"647":0,"648":0,"649":0,"650":0,"653":0,"654":0,"655":0,"656":0,"657":0,"660":0,"666":0,"670":7,"674":7,"686":5,"700":2,"707":1},"path":"/mnt/d/Rede/Github/mzfshark/CryptoDraw/contracts/CryptoDrawV2.sol","s":{"1":83,"2":81,"3":81,"4":81,"5":49,"6":49,"7":48,"8":46,"9":2,"10":44,"11":41,"12":41,"13":18,"14":23,"15":34,"16":34,"17":34,"18":32,"19":30,"20":29,"21":29,"22":29,"23":1,"24":2,"25":31,"26":31,"27":6,"28":31,"29":31,"30":7,"31":7,"32":6,"33":6,"34":6,"35":2,"36":2,"37":2,"38":0,"39":0,"40":0,"41":0,"42":0,"43":0,"44":0,"45":0,"46":0,"47":0,"48":0,"49":0,"50":1,"51":1,"52":0,"53":0,"54":3,"55":3,"56":3,"57":3,"58":3,"59":28,"60":28,"61":4,"62":4,"63":4,"64":56,"65":54,"66":2,"67":2,"68":5,"69":2,"70":56,"71":46,"72":3,"73":10,"74":0,"75":0,"76":0,"77":0,"78":0,"79":5,"80":1,"81":2,"82":2,"83":1,"84":1,"85":1,"86":2,"87":41,"88":41,"89":41,"90":33,"91":41,"92":6,"93":6,"94":6,"95":6,"96":6,"97":6,"98":6,"99":0,"100":0,"101":0,"102":0,"103":0,"104":0,"105":0,"106":0,"107":0,"108":0,"109":0,"110":0,"111":0,"112":0,"113":0,"114":0,"115":0,"116":0,"117":0,"118":0,"119":0,"120":0,"121":0,"122":7,"123":7,"124":5,"125":2,"126":1},"b":{"1":[2,81],"2":[1,1],"3":[1,0],"4":[0,0],"5":[52,0],"6":[49,3],"7":[1,48],"8":[2,46],"9":[2,44],"10":[1,1],"11":[3,41],"12":[18,23],"13":[3,15],"14":[4,19],"15":[2,32],"16":[30,2],"17":[29,1],"18":[29,0],"19":[1,28],"20":[1,0],"21":[6,25],"22":[7,1],"23":[6,1],"24":[4,2],"25":[2,0],"26":[2,0],"27":[0,0],"28":[0,0],"29":[0,0],"30":[0,0],"31":[0,0],"32":[0,0],"33":[1,0],"34":[1,0],"35":[0,0],"36":[3,0],"37":[0,3],"38":[3,0],"39":[28,1],"40":[4,0],"41":[2,2],"42":[4,1],"43":[56,0],"44":[54,2],"45":[2,0],"46":[2,3],"47":[46,1],"48":[3,0],"49":[10,1],"50":[0,0],"51":[0,0],"52":[0,0],"53":[0,0],"54":[0,0],"55":[0,0],"56":[5,0],"57":[1,0],"58":[2,0],"59":[0,2],"60":[1,1],"61":[1,0],"62":[33,8],"63":[33,0],"64":[0,0],"65":[0,0],"66":[0,0],"67":[0,0],"68":[0,0],"69":[0,0],"70":[0,0],"71":[0,0],"72":[0,0],"73":[0,0],"74":[0,0],"75":[5,1]},"f":{"1":83,"2":49,"3":7,"4":2,"5":0,"6":1,"7":3,"8":28,"9":4,"10":4,"11":56,"12":46,"13":3,"14":10,"15":0,"16":5,"17":1,"18":2,"19":41,"20":6,"21":0,"22":0,"23":7,"24":7,"25":5,"26":2,"27":1},"fnMap":{"1":{"name":"constructor","line":167,"loc":{"start":{"line":167,"column":4},"end":{"line":220,"column":4}}},"2":{"name":"buyTicket","line":240,"loc":{"start":{"line":233,"column":4},"end":{"line":306,"column":4}}},"3":{"name":"closeDraw","line":318,"loc":{"start":{"line":316,"column":4},"end":{"line":337,"column":4}}},"4":{"name":"closeDrawSimple","line":346,"loc":{"start":{"line":344,"column":4},"end":{"line":353,"column":4}}},"5":{"name":"claimPrize","line":363,"loc":{"start":{"line":363,"column":4},"end":{"line":398,"column":4}}},"6":{"name":"withdrawPrize","line":403,"loc":{"start":{"line":403,"column":4},"end":{"line":414,"column":4}}},"7":{"name":"withdrawAgentCommission","line":419,"loc":{"start":{"line":419,"column":4},"end":{"line":430,"column":4}}},"8":{"name":"setGameConfig","line":442,"loc":{"start":{"line":437,"column":4},"end":{"line":448,"column":4}}},"9":{"name":"setRevenueConfig","line":455,"loc":{"start":{"line":453,"column":4},"end":{"line":465,"column":4}}},"10":{"name":"updateRevenueConfig","line":476,"loc":{"start":{"line":470,"column":4},"end":{"line":484,"column":4}}},"11":{"name":"setSupportedToken","line":491,"loc":{"start":{"line":489,"column":4},"end":{"line":509,"column":4}}},"12":{"name":"updateTokenSupport","line":514,"loc":{"start":{"line":514,"column":4},"end":{"line":516,"column":4}}},"13":{"name":"setSuspendedAgent","line":523,"loc":{"start":{"line":521,"column":4},"end":{"line":527,"column":4}}},"14":{"name":"createDraw","line":532,"loc":{"start":{"line":532,"column":4},"end":{"line":534,"column":4}}},"15":{"name":"setWallets","line":545,"loc":{"start":{"line":539,"column":4},"end":{"line":551,"column":4}}},"16":{"name":"pause","line":556,"loc":{"start":{"line":556,"column":4},"end":{"line":558,"column":4}}},"17":{"name":"unpause","line":563,"loc":{"start":{"line":563,"column":4},"end":{"line":565,"column":4}}},"18":{"name":"emergencyWithdraw","line":572,"loc":{"start":{"line":570,"column":4},"end":{"line":584,"column":4}}},"19":{"name":"_ensureDrawExists","line":591,"loc":{"start":{"line":591,"column":4},"end":{"line":616,"column":4}}},"20":{"name":"_distributeRevenue","line":621,"loc":{"start":{"line":621,"column":4},"end":{"line":634,"column":4}}},"21":{"name":"_calculatePrize","line":639,"loc":{"start":{"line":639,"column":4},"end":{"line":661,"column":4}}},"22":{"name":"getSupportedTokens","line":665,"loc":{"start":{"line":665,"column":4},"end":{"line":667,"column":4}}},"23":{"name":"getDraw","line":669,"loc":{"start":{"line":669,"column":4},"end":{"line":671,"column":4}}},"24":{"name":"getCurrentDrawId","line":673,"loc":{"start":{"line":673,"column":4},"end":{"line":675,"column":4}}},"25":{"name":"configureGame","line":685,"loc":{"start":{"line":685,"column":4},"end":{"line":687,"column":4}}},"26":{"name":"buyTicketWithToken","line":692,"loc":{"start":{"line":692,"column":4},"end":{"line":701,"column":4}}},"27":{"name":"prizeOracle","line":706,"loc":{"start":{"line":706,"column":4},"end":{"line":708,"column":4}}}},"statementMap":{"1":{"start":{"line":176,"column":8},"end":{"line":176,"column":6147}},"2":{"start":{"line":190,"column":8},"end":{"line":190,"column":49}},"3":{"start":{"line":191,"column":8},"end":{"line":191,"column":41}},"4":{"start":{"line":192,"column":8},"end":{"line":192,"column":44}},"5":{"start":{"line":242,"column":8},"end":{"line":242,"column":53}},"6":{"start":{"line":243,"column":8},"end":{"line":243,"column":52}},"7":{"start":{"line":244,"column":8},"end":{"line":244,"column":72}},"8":{"start":{"line":245,"column":8},"end":{"line":245,"column":62}},"9":{"start":{"line":245,"column":38},"end":{"line":245,"column":61}},"10":{"start":{"line":246,"column":8},"end":{"line":246,"column":82}},"11":{"start":{"line":249,"column":8},"end":{"line":249,"column":28}},"12":{"start":{"line":250,"column":8},"end":{"line":250,"column":8991}},"13":{"start":{"line":251,"column":12},"end":{"line":251,"column":87}},"14":{"start":{"line":254,"column":12},"end":{"line":254,"column":88}},"15":{"start":{"line":259,"column":8},"end":{"line":259,"column":62}},"16":{"start":{"line":260,"column":8},"end":{"line":260,"column":87}},"17":{"start":{"line":262,"column":8},"end":{"line":262,"column":74}},"18":{"start":{"line":265,"column":8},"end":{"line":265,"column":9712}},"19":{"start":{"line":267,"column":12},"end":{"line":267,"column":77}},"20":{"start":{"line":268,"column":12},"end":{"line":268,"column":76}},"21":{"start":{"line":269,"column":12},"end":{"line":269,"column":46}},"22":{"start":{"line":272,"column":12},"end":{"line":272,"column":10058}},"23":{"start":{"line":274,"column":16},"end":{"line":274,"column":48}},"24":{"start":{"line":278,"column":12},"end":{"line":278,"column":91}},"25":{"start":{"line":282,"column":8},"end":{"line":282,"column":47}},"26":{"start":{"line":298,"column":8},"end":{"line":298,"column":10932}},"27":{"start":{"line":299,"column":12},"end":{"line":299,"column":95}},"28":{"start":{"line":303,"column":8},"end":{"line":303,"column":100}},"29":{"start":{"line":305,"column":8},"end":{"line":305,"column":23}},"30":{"start":{"line":320,"column":8},"end":{"line":320,"column":47}},"31":{"start":{"line":321,"column":8},"end":{"line":321,"column":63}},"32":{"start":{"line":324,"column":8},"end":{"line":324,"column":11900}},"33":{"start":{"line":334,"column":8},"end":{"line":334,"column":39}},"34":{"start":{"line":336,"column":8},"end":{"line":336,"column":67}},"35":{"start":{"line":348,"column":8},"end":{"line":348,"column":47}},"36":{"start":{"line":349,"column":8},"end":{"line":349,"column":63}},"37":{"start":{"line":352,"column":8},"end":{"line":352,"column":37}},"38":{"start":{"line":364,"column":8},"end":{"line":364,"column":13384}},"39":{"start":{"line":373,"column":8},"end":{"line":373,"column":57}},"40":{"start":{"line":374,"column":8},"end":{"line":374,"column":88}},"41":{"start":{"line":376,"column":8},"end":{"line":376,"column":49}},"42":{"start":{"line":377,"column":8},"end":{"line":377,"column":58}},"43":{"start":{"line":379,"column":8},"end":{"line":379,"column":73}},"44":{"start":{"line":382,"column":8},"end":{"line":382,"column":21}},"45":{"start":{"line":383,"column":8},"end":{"line":383,"column":14043}},"46":{"start":{"line":390,"column":8},"end":{"line":390,"column":79}},"47":{"start":{"line":392,"column":8},"end":{"line":392,"column":14465}},"48":{"start":{"line":394,"column":12},"end":{"line":394,"column":79}},"49":{"start":{"line":396,"column":12},"end":{"line":396,"column":54}},"50":{"start":{"line":404,"column":8},"end":{"line":404,"column":57}},"51":{"start":{"line":405,"column":8},"end":{"line":405,"column":55}},"52":{"start":{"line":412,"column":8},"end":{"line":412,"column":61}},"53":{"start":{"line":413,"column":8},"end":{"line":413,"column":48}},"54":{"start":{"line":420,"column":8},"end":{"line":420,"column":57}},"55":{"start":{"line":421,"column":8},"end":{"line":421,"column":59}},"56":{"start":{"line":426,"column":8},"end":{"line":426,"column":65}},"57":{"start":{"line":427,"column":8},"end":{"line":427,"column":53}},"58":{"start":{"line":429,"column":8},"end":{"line":429,"column":56}},"59":{"start":{"line":443,"column":8},"end":{"line":443,"column":53}},"60":{"start":{"line":447,"column":8},"end":{"line":447,"column":72}},"61":{"start":{"line":458,"column":8},"end":{"line":458,"column":16721}},"62":{"start":{"line":462,"column":8},"end":{"line":462,"column":57}},"63":{"start":{"line":477,"column":8},"end":{"line":477,"column":17354}},"64":{"start":{"line":493,"column":8},"end":{"line":493,"column":17857}},"65":{"start":{"line":495,"column":12},"end":{"line":495,"column":42}},"66":{"start":{"line":496,"column":15},"end":{"line":496,"column":18007}},"67":{"start":{"line":499,"column":12},"end":{"line":499,"column":18145}},"68":{"start":{"line":500,"column":16},"end":{"line":500,"column":18225}},"69":{"start":{"line":502,"column":20},"end":{"line":502,"column":44}},"70":{"start":{"line":508,"column":8},"end":{"line":508,"column":50}},"71":{"start":{"line":515,"column":8},"end":{"line":515,"column":42}},"72":{"start":{"line":526,"column":8},"end":{"line":526,"column":49}},"73":{"start":{"line":533,"column":8},"end":{"line":533,"column":30}},"74":{"start":{"line":546,"column":8},"end":{"line":546,"column":75}},"75":{"start":{"line":547,"column":8},"end":{"line":547,"column":66}},"76":{"start":{"line":548,"column":8},"end":{"line":548,"column":66}},"77":{"start":{"line":549,"column":8},"end":{"line":549,"column":60}},"78":{"start":{"line":550,"column":8},"end":{"line":550,"column":72}},"79":{"start":{"line":557,"column":8},"end":{"line":557,"column":15}},"80":{"start":{"line":564,"column":8},"end":{"line":564,"column":17}},"81":{"start":{"line":574,"column":8},"end":{"line":574,"column":50}},"82":{"start":{"line":576,"column":8},"end":{"line":576,"column":20462}},"83":{"start":{"line":577,"column":12},"end":{"line":577,"column":57}},"84":{"start":{"line":578,"column":12},"end":{"line":578,"column":46}},"85":{"start":{"line":580,"column":12},"end":{"line":580,"column":49}},"86":{"start":{"line":583,"column":8},"end":{"line":583,"column":51}},"87":{"start":{"line":592,"column":8},"end":{"line":592,"column":53}},"88":{"start":{"line":595,"column":8},"end":{"line":595,"column":54}},"89":{"start":{"line":598,"column":8},"end":{"line":598,"column":21214}},"90":{"start":{"line":612,"column":12},"end":{"line":612,"column":81}},"91":{"start":{"line":615,"column":8},"end":{"line":615,"column":21}},"92":{"start":{"line":622,"column":8},"end":{"line":622,"column":47}},"93":{"start":{"line":623,"column":8},"end":{"line":623,"column":44}},"94":{"start":{"line":625,"column":8},"end":{"line":625,"column":79}},"95":{"start":{"line":626,"column":8},"end":{"line":626,"column":85}},"96":{"start":{"line":627,"column":8},"end":{"line":627,"column":81}},"97":{"start":{"line":628,"column":8},"end":{"line":628,"column":85}},"98":{"start":{"line":633,"column":8},"end":{"line":633,"column":90}},"99":{"start":{"line":644,"column":8},"end":{"line":644,"column":22966}},"100":{"start":{"line":646,"column":12},"end":{"line":646,"column":64}},"101":{"start":{"line":646,"column":31},"end":{"line":646,"column":64}},"102":{"start":{"line":647,"column":12},"end":{"line":647,"column":64}},"103":{"start":{"line":647,"column":31},"end":{"line":647,"column":64}},"104":{"start":{"line":648,"column":12},"end":{"line":648,"column":64}},"105":{"start":{"line":648,"column":31},"end":{"line":648,"column":64}},"106":{"start":{"line":649,"column":12},"end":{"line":649,"column":64}},"107":{"start":{"line":649,"column":31},"end":{"line":649,"column":64}},"108":{"start":{"line":650,"column":12},"end":{"line":650,"column":63}},"109":{"start":{"line":650,"column":31},"end":{"line":650,"column":63}},"110":{"start":{"line":653,"column":12},"end":{"line":653,"column":63}},"111":{"start":{"line":653,"column":30},"end":{"line":653,"column":63}},"112":{"start":{"line":654,"column":12},"end":{"line":654,"column":63}},"113":{"start":{"line":654,"column":30},"end":{"line":654,"column":63}},"114":{"start":{"line":655,"column":12},"end":{"line":655,"column":63}},"115":{"start":{"line":655,"column":30},"end":{"line":655,"column":63}},"116":{"start":{"line":656,"column":12},"end":{"line":656,"column":63}},"117":{"start":{"line":656,"column":30},"end":{"line":656,"column":63}},"118":{"start":{"line":657,"column":12},"end":{"line":657,"column":62}},"119":{"start":{"line":657,"column":30},"end":{"line":657,"column":62}},"120":{"start":{"line":660,"column":8},"end":{"line":660,"column":16}},"121":{"start":{"line":666,"column":8},"end":{"line":666,"column":34}},"122":{"start":{"line":670,"column":8},"end":{"line":670,"column":34}},"123":{"start":{"line":674,"column":8},"end":{"line":674,"column":46}},"124":{"start":{"line":686,"column":8},"end":{"line":686,"column":75}},"125":{"start":{"line":700,"column":8},"end":{"line":700,"column":96}},"126":{"start":{"line":707,"column":8},"end":{"line":707,"column":35}}},"branchMap":{"1":{"line":176,"type":"if","locations":[{"start":{"line":176,"column":8},"end":{"line":176,"column":8}},{"start":{"line":176,"column":8},"end":{"line":176,"column":8}}]},"2":{"line":176,"type":"cond-expr","locations":[{"start":{"line":176,"column":12},"end":{"line":176,"column":35}},{"start":{"line":176,"column":40},"end":{"line":176,"column":65}}]},"3":{"line":176,"type":"cond-expr","locations":[{"start":{"line":176,"column":12},"end":{"line":176,"column":65}},{"start":{"line":177,"column":12},"end":{"line":177,"column":40}}]},"4":{"line":176,"type":"cond-expr","locations":[{"start":{"line":176,"column":12},"end":{"line":177,"column":40}},{"start":{"line":177,"column":45},"end":{"line":177,"column":70}}]},"5":{"line":240,"type":"if","locations":[{"start":{"line":240,"column":21},"end":{"line":240,"column":21}},{"start":{"line":240,"column":21},"end":{"line":240,"column":21}}]},"6":{"line":240,"type":"if","locations":[{"start":{"line":240,"column":34},"end":{"line":240,"column":34}},{"start":{"line":240,"column":34},"end":{"line":240,"column":34}}]},"7":{"line":243,"type":"if","locations":[{"start":{"line":243,"column":8},"end":{"line":243,"column":8}},{"start":{"line":243,"column":8},"end":{"line":243,"column":8}}]},"8":{"line":244,"type":"if","locations":[{"start":{"line":244,"column":8},"end":{"line":244,"column":8}},{"start":{"line":244,"column":8},"end":{"line":244,"column":8}}]},"9":{"line":245,"type":"if","locations":[{"start":{"line":245,"column":8},"end":{"line":245,"column":8}},{"start":{"line":245,"column":8},"end":{"line":245,"column":8}}]},"10":{"line":245,"type":"cond-expr","locations":[{"start":{"line":245,"column":12},"end":{"line":245,"column":21}},{"start":{"line":245,"column":26},"end":{"line":245,"column":35}}]},"11":{"line":246,"type":"if","locations":[{"start":{"line":246,"column":8},"end":{"line":246,"column":8}},{"start":{"line":246,"column":8},"end":{"line":246,"column":8}}]},"12":{"line":250,"type":"if","locations":[{"start":{"line":250,"column":8},"end":{"line":250,"column":8}},{"start":{"line":250,"column":8},"end":{"line":250,"column":8}}]},"13":{"line":251,"type":"if","locations":[{"start":{"line":251,"column":12},"end":{"line":251,"column":12}},{"start":{"line":251,"column":12},"end":{"line":251,"column":12}}]},"14":{"line":254,"type":"if","locations":[{"start":{"line":254,"column":12},"end":{"line":254,"column":12}},{"start":{"line":254,"column":12},"end":{"line":254,"column":12}}]},"15":{"line":262,"type":"if","locations":[{"start":{"line":262,"column":8},"end":{"line":262,"column":8}},{"start":{"line":262,"column":8},"end":{"line":262,"column":8}}]},"16":{"line":265,"type":"if","locations":[{"start":{"line":265,"column":8},"end":{"line":265,"column":8}},{"start":{"line":265,"column":8},"end":{"line":265,"column":8}}]},"17":{"line":267,"type":"if","locations":[{"start":{"line":267,"column":12},"end":{"line":267,"column":12}},{"start":{"line":267,"column":12},"end":{"line":267,"column":12}}]},"18":{"line":269,"type":"if","locations":[{"start":{"line":269,"column":12},"end":{"line":269,"column":12}},{"start":{"line":269,"column":12},"end":{"line":269,"column":12}}]},"19":{"line":272,"type":"if","locations":[{"start":{"line":272,"column":12},"end":{"line":272,"column":12}},{"start":{"line":272,"column":12},"end":{"line":272,"column":12}}]},"20":{"line":274,"type":"if","locations":[{"start":{"line":274,"column":16},"end":{"line":274,"column":16}},{"start":{"line":274,"column":16},"end":{"line":274,"column":16}}]},"21":{"line":298,"type":"if","locations":[{"start":{"line":298,"column":8},"end":{"line":298,"column":8}},{"start":{"line":298,"column":8},"end":{"line":298,"column":8}}]},"22":{"line":318,"type":"if","locations":[{"start":{"line":318,"column":8},"end":{"line":318,"column":8}},{"start":{"line":318,"column":8},"end":{"line":318,"column":8}}]},"23":{"line":321,"type":"if","locations":[{"start":{"line":321,"column":8},"end":{"line":321,"column":8}},{"start":{"line":321,"column":8},"end":{"line":321,"column":8}}]},"24":{"line":324,"type":"if","locations":[{"start":{"line":324,"column":8},"end":{"line":324,"column":8}},{"start":{"line":324,"column":8},"end":{"line":324,"column":8}}]},"25":{"line":346,"type":"if","locations":[{"start":{"line":346,"column":8},"end":{"line":346,"column":8}},{"start":{"line":346,"column":8},"end":{"line":346,"column":8}}]},"26":{"line":349,"type":"if","locations":[{"start":{"line":349,"column":8},"end":{"line":349,"column":8}},{"start":{"line":349,"column":8},"end":{"line":349,"column":8}}]},"27":{"line":363,"type":"if","locations":[{"start":{"line":363,"column":51},"end":{"line":363,"column":51}},{"start":{"line":363,"column":51},"end":{"line":363,"column":51}}]},"28":{"line":373,"type":"if","locations":[{"start":{"line":373,"column":8},"end":{"line":373,"column":8}},{"start":{"line":373,"column":8},"end":{"line":373,"column":8}}]},"29":{"line":374,"type":"if","locations":[{"start":{"line":374,"column":8},"end":{"line":374,"column":8}},{"start":{"line":374,"column":8},"end":{"line":374,"column":8}}]},"30":{"line":379,"type":"if","locations":[{"start":{"line":379,"column":8},"end":{"line":379,"column":8}},{"start":{"line":379,"column":8},"end":{"line":379,"column":8}}]},"31":{"line":383,"type":"if","locations":[{"start":{"line":383,"column":8},"end":{"line":383,"column":8}},{"start":{"line":383,"column":8},"end":{"line":383,"column":8}}]},"32":{"line":392,"type":"if","locations":[{"start":{"line":392,"column":8},"end":{"line":392,"column":8}},{"start":{"line":392,"column":8},"end":{"line":392,"column":8}}]},"33":{"line":403,"type":"if","locations":[{"start":{"line":403,"column":36},"end":{"line":403,"column":36}},{"start":{"line":403,"column":36},"end":{"line":403,"column":36}}]},"34":{"line":405,"type":"if","locations":[{"start":{"line":405,"column":8},"end":{"line":405,"column":8}},{"start":{"line":405,"column":8},"end":{"line":405,"column":8}}]},"35":{"line":413,"type":"if","locations":[{"start":{"line":413,"column":8},"end":{"line":413,"column":8}},{"start":{"line":413,"column":8},"end":{"line":413,"column":8}}]},"36":{"line":419,"type":"if","locations":[{"start":{"line":419,"column":46},"end":{"line":419,"column":46}},{"start":{"line":419,"column":46},"end":{"line":419,"column":46}}]},"37":{"line":421,"type":"if","locations":[{"start":{"line":421,"column":8},"end":{"line":421,"column":8}},{"start":{"line":421,"column":8},"end":{"line":421,"column":8}}]},"38":{"line":427,"type":"if","locations":[{"start":{"line":427,"column":8},"end":{"line":427,"column":8}},{"start":{"line":427,"column":8},"end":{"line":427,"column":8}}]},"39":{"line":442,"type":"if","locations":[{"start":{"line":442,"column":13},"end":{"line":442,"column":13}},{"start":{"line":442,"column":13},"end":{"line":442,"column":13}}]},"40":{"line":455,"type":"if","locations":[{"start":{"line":455,"column":8},"end":{"line":455,"column":8}},{"start":{"line":455,"column":8},"end":{"line":455,"column":8}}]},"41":{"line":462,"type":"if","locations":[{"start":{"line":462,"column":8},"end":{"line":462,"column":8}},{"start":{"line":462,"column":8},"end":{"line":462,"column":8}}]},"42":{"line":476,"type":"if","locations":[{"start":{"line":476,"column":15},"end":{"line":476,"column":15}},{"start":{"line":476,"column":15},"end":{"line":476,"column":15}}]},"43":{"line":491,"type":"if","locations":[{"start":{"line":491,"column":8},"end":{"line":491,"column":8}},{"start":{"line":491,"column":8},"end":{"line":491,"column":8}}]},"44":{"line":493,"type":"if","locations":[{"start":{"line":493,"column":8},"end":{"line":493,"column":8}},{"start":{"line":493,"column":8},"end":{"line":493,"column":8}}]},"45":{"line":496,"type":"if","locations":[{"start":{"line":496,"column":15},"end":{"line":496,"column":15}},{"start":{"line":496,"column":15},"end":{"line":496,"column":15}}]},"46":{"line":500,"type":"if","locations":[{"start":{"line":500,"column":16},"end":{"line":500,"column":16}},{"start":{"line":500,"column":16},"end":{"line":500,"column":16}}]},"47":{"line":514,"type":"if","locations":[{"start":{"line":514,"column":72},"end":{"line":514,"column":72}},{"start":{"line":514,"column":72},"end":{"line":514,"column":72}}]},"48":{"line":523,"type":"if","locations":[{"start":{"line":523,"column":8},"end":{"line":523,"column":8}},{"start":{"line":523,"column":8},"end":{"line":523,"column":8}}]},"49":{"line":532,"type":"if","locations":[{"start":{"line":532,"column":46},"end":{"line":532,"column":46}},{"start":{"line":532,"column":46},"end":{"line":532,"column":46}}]},"50":{"line":545,"type":"if","locations":[{"start":{"line":545,"column":13},"end":{"line":545,"column":13}},{"start":{"line":545,"column":13},"end":{"line":545,"column":13}}]},"51":{"line":546,"type":"if","locations":[{"start":{"line":546,"column":8},"end":{"line":546,"column":8}},{"start":{"line":546,"column":8},"end":{"line":546,"column":8}}]},"52":{"line":547,"type":"if","locations":[{"start":{"line":547,"column":8},"end":{"line":547,"column":8}},{"start":{"line":547,"column":8},"end":{"line":547,"column":8}}]},"53":{"line":548,"type":"if","locations":[{"start":{"line":548,"column":8},"end":{"line":548,"column":8}},{"start":{"line":548,"column":8},"end":{"line":548,"column":8}}]},"54":{"line":549,"type":"if","locations":[{"start":{"line":549,"column":8},"end":{"line":549,"column":8}},{"start":{"line":549,"column":8},"end":{"line":549,"column":8}}]},"55":{"line":550,"type":"if","locations":[{"start":{"line":550,"column":8},"end":{"line":550,"column":8}},{"start":{"line":550,"column":8},"end":{"line":550,"column":8}}]},"56":{"line":556,"type":"if","locations":[{"start":{"line":556,"column":28},"end":{"line":556,"column":28}},{"start":{"line":556,"column":28},"end":{"line":556,"column":28}}]},"57":{"line":563,"type":"if","locations":[{"start":{"line":563,"column":30},"end":{"line":563,"column":30}},{"start":{"line":563,"column":30},"end":{"line":563,"column":30}}]},"58":{"line":572,"type":"if","locations":[{"start":{"line":572,"column":8},"end":{"line":572,"column":8}},{"start":{"line":572,"column":8},"end":{"line":572,"column":8}}]},"59":{"line":574,"type":"if","locations":[{"start":{"line":574,"column":8},"end":{"line":574,"column":8}},{"start":{"line":574,"column":8},"end":{"line":574,"column":8}}]},"60":{"line":576,"type":"if","locations":[{"start":{"line":576,"column":8},"end":{"line":576,"column":8}},{"start":{"line":576,"column":8},"end":{"line":576,"column":8}}]},"61":{"line":578,"type":"if","locations":[{"start":{"line":578,"column":12},"end":{"line":578,"column":12}},{"start":{"line":578,"column":12},"end":{"line":578,"column":12}}]},"62":{"line":598,"type":"if","locations":[{"start":{"line":598,"column":8},"end":{"line":598,"column":8}},{"start":{"line":598,"column":8},"end":{"line":598,"column":8}}]},"63":{"line":598,"type":"cond-expr","locations":[{"start":{"line":598,"column":12},"end":{"line":598,"column":46}},{"start":{"line":598,"column":51},"end":{"line":598,"column":89}}]},"64":{"line":644,"type":"if","locations":[{"start":{"line":644,"column":8},"end":{"line":644,"column":8}},{"start":{"line":644,"column":8},"end":{"line":644,"column":8}}]},"65":{"line":646,"type":"if","locations":[{"start":{"line":646,"column":12},"end":{"line":646,"column":12}},{"start":{"line":646,"column":12},"end":{"line":646,"column":12}}]},"66":{"line":647,"type":"if","locations":[{"start":{"line":647,"column":12},"end":{"line":647,"column":12}},{"start":{"line":647,"column":12},"end":{"line":647,"column":12}}]},"67":{"line":648,"type":"if","locations":[{"start":{"line":648,"column":12},"end":{"line":648,"column":12}},{"start":{"line":648,"column":12},"end":{"line":648,"column":12}}]},"68":{"line":649,"type":"if","locations":[{"start":{"line":649,"column":12},"end":{"line":649,"column":12}},{"start":{"line":649,"column":12},"end":{"line":649,"column":12}}]},"69":{"line":650,"type":"if","locations":[{"start":{"line":650,"column":12},"end":{"line":650,"column":12}},{"start":{"line":650,"column":12},"end":{"line":650,"column":12}}]},"70":{"line":653,"type":"if","locations":[{"start":{"line":653,"column":12},"end":{"line":653,"column":12}},{"start":{"line":653,"column":12},"end":{"line":653,"column":12}}]},"71":{"line":654,"type":"if","locations":[{"start":{"line":654,"column":12},"end":{"line":654,"column":12}},{"start":{"line":654,"column":12},"end":{"line":654,"column":12}}]},"72":{"line":655,"type":"if","locations":[{"start":{"line":655,"column":12},"end":{"line":655,"column":12}},{"start":{"line":655,"column":12},"end":{"line":655,"column":12}}]},"73":{"line":656,"type":"if","locations":[{"start":{"line":656,"column":12},"end":{"line":656,"column":12}},{"start":{"line":656,"column":12},"end":{"line":656,"column":12}}]},"74":{"line":657,"type":"if","locations":[{"start":{"line":657,"column":12},"end":{"line":657,"column":12}},{"start":{"line":657,"column":12},"end":{"line":657,"column":12}}]},"75":{"line":685,"type":"if","locations":[{"start":{"line":685,"column":108},"end":{"line":685,"column":108}},{"start":{"line":685,"column":108},"end":{"line":685,"column":108}}]}}},"contracts/GameLibrary.sol":{"l":{"43":54,"45":4,"49":50,"51":50,"52":723,"55":723,"56":3,"60":720,"61":720,"62":3,"64":717,"67":44,"80":25,"81":0,"84":25,"85":25,"87":25,"90":25,"104":9,"105":9,"106":225,"107":130,"112":9,"113":2,"117":7,"118":7,"119":7,"120":175,"121":105,"125":7,"140":0,"143":0,"144":0,"145":0,"146":0,"150":0,"166":84,"167":6,"171":78,"172":540,"173":3,"177":75,"190":51,"191":0,"194":51,"195":51,"198":51,"201":51,"214":32,"216":32,"218":218,"221":218,"222":1,"226":31,"240":0,"242":0,"244":0,"245":0,"247":0,"248":0,"252":0,"268":4,"269":4,"270":4,"273":4,"274":86,"275":86,"277":86,"280":86,"281":60,"282":60,"286":4,"300":2,"301":2,"304":2,"305":14,"306":14,"307":14,"310":2},"path":"/mnt/d/Rede/Github/mzfshark/CryptoDraw/contracts/GameLibrary.sol","s":{"1":54,"2":4,"3":50,"4":50,"5":723,"6":723,"7":3,"8":720,"9":720,"10":3,"11":44,"12":25,"13":25,"14":25,"15":9,"16":9,"17":225,"18":9,"19":7,"20":7,"21":175,"22":7,"23":0,"24":0,"25":0,"26":0,"27":84,"28":6,"29":78,"30":540,"31":3,"32":75,"33":51,"34":51,"35":51,"36":32,"37":218,"38":31,"39":0,"40":0,"41":0,"42":0,"43":0,"44":4,"45":4,"46":4,"47":86,"48":86,"49":86,"50":4,"51":2,"52":2,"53":14,"54":2},"b":{"1":[4,50],"2":[3,1],"3":[3,720],"4":[1,2],"5":[3,717],"6":[0,25],"7":[130,95],"8":[2,7],"9":[1,1],"10":[105,70],"11":[0,0],"12":[6,78],"13":[3,537],"14":[0,51],"15":[1,217],"16":[0,0],"17":[60,26]},"f":{"1":54,"2":25,"3":9,"4":0,"5":84,"6":51,"7":32,"8":0,"9":4,"10":2},"fnMap":{"1":{"name":"validateEasyLottoNumbers","line":37,"loc":{"start":{"line":37,"column":4},"end":{"line":68,"column":4}}},"2":{"name":"packEasyLottoNumbers","line":75,"loc":{"start":{"line":75,"column":4},"end":{"line":91,"column":4}}},"3":{"name":"unpackEasyLottoNumbers","line":98,"loc":{"start":{"line":98,"column":4},"end":{"line":126,"column":4}}},"4":{"name":"countEasyLottoMatches","line":134,"loc":{"start":{"line":134,"column":4},"end":{"line":151,"column":4}}},"5":{"name":"validateSuperSevenNumbers","line":160,"loc":{"start":{"line":160,"column":4},"end":{"line":178,"column":4}}},"6":{"name":"packSuperSevenNumbers","line":185,"loc":{"start":{"line":185,"column":4},"end":{"line":202,"column":4}}},"7":{"name":"unpackSuperSevenNumbers","line":209,"loc":{"start":{"line":209,"column":4},"end":{"line":227,"column":4}}},"8":{"name":"countSuperSevenMatches","line":235,"loc":{"start":{"line":235,"column":4},"end":{"line":253,"column":4}}},"9":{"name":"generateEasyLottoWinning","line":263,"loc":{"start":{"line":263,"column":4},"end":{"line":287,"column":4}}},"10":{"name":"generateSuperSevenWinning","line":295,"loc":{"start":{"line":295,"column":4},"end":{"line":311,"column":4}}}},"statementMap":{"1":{"start":{"line":43,"column":8},"end":{"line":43,"column":1377}},"2":{"start":{"line":45,"column":12},"end":{"line":45,"column":24}},"3":{"start":{"line":49,"column":8},"end":{"line":49,"column":26}},"4":{"start":{"line":51,"column":8},"end":{"line":51,"column":1632}},"5":{"start":{"line":52,"column":12},"end":{"line":52,"column":34}},"6":{"start":{"line":55,"column":12},"end":{"line":55,"column":1785}},"7":{"start":{"line":56,"column":16},"end":{"line":56,"column":28}},"8":{"start":{"line":60,"column":12},"end":{"line":60,"column":47}},"9":{"start":{"line":61,"column":12},"end":{"line":61,"column":2006}},"10":{"start":{"line":62,"column":16},"end":{"line":62,"column":28}},"11":{"start":{"line":67,"column":8},"end":{"line":67,"column":19}},"12":{"start":{"line":80,"column":8},"end":{"line":80,"column":2515}},"13":{"start":{"line":85,"column":8},"end":{"line":85,"column":2645}},"14":{"start":{"line":90,"column":8},"end":{"line":90,"column":21}},"15":{"start":{"line":104,"column":8},"end":{"line":104,"column":23}},"16":{"start":{"line":105,"column":8},"end":{"line":105,"column":3246}},"17":{"start":{"line":106,"column":12},"end":{"line":106,"column":3296}},"18":{"start":{"line":112,"column":8},"end":{"line":112,"column":3450}},"19":{"start":{"line":118,"column":8},"end":{"line":118,"column":23}},"20":{"start":{"line":119,"column":8},"end":{"line":119,"column":3686}},"21":{"start":{"line":120,"column":12},"end":{"line":120,"column":3736}},"22":{"start":{"line":125,"column":8},"end":{"line":125,"column":22}},"23":{"start":{"line":140,"column":8},"end":{"line":140,"column":42}},"24":{"start":{"line":144,"column":8},"end":{"line":144,"column":4474}},"25":{"start":{"line":145,"column":12},"end":{"line":145,"column":4524}},"26":{"start":{"line":150,"column":8},"end":{"line":150,"column":20}},"27":{"start":{"line":166,"column":8},"end":{"line":166,"column":5062}},"28":{"start":{"line":167,"column":12},"end":{"line":167,"column":24}},"29":{"start":{"line":171,"column":8},"end":{"line":171,"column":5208}},"30":{"start":{"line":172,"column":12},"end":{"line":172,"column":5276}},"31":{"start":{"line":173,"column":16},"end":{"line":173,"column":28}},"32":{"start":{"line":177,"column":8},"end":{"line":177,"column":19}},"33":{"start":{"line":190,"column":8},"end":{"line":190,"column":5764}},"34":{"start":{"line":195,"column":8},"end":{"line":195,"column":5895}},"35":{"start":{"line":201,"column":8},"end":{"line":201,"column":21}},"36":{"start":{"line":216,"column":8},"end":{"line":216,"column":6542}},"37":{"start":{"line":221,"column":12},"end":{"line":221,"column":6783}},"38":{"start":{"line":226,"column":8},"end":{"line":226,"column":22}},"39":{"start":{"line":242,"column":8},"end":{"line":242,"column":7361}},"40":{"start":{"line":244,"column":12},"end":{"line":244,"column":61}},"41":{"start":{"line":245,"column":12},"end":{"line":245,"column":61}},"42":{"start":{"line":247,"column":12},"end":{"line":247,"column":7616}},"43":{"start":{"line":252,"column":8},"end":{"line":252,"column":20}},"44":{"start":{"line":268,"column":8},"end":{"line":268,"column":79}},"45":{"start":{"line":270,"column":8},"end":{"line":270,"column":23}},"46":{"start":{"line":273,"column":8},"end":{"line":273,"column":8397}},"47":{"start":{"line":275,"column":12},"end":{"line":275,"column":46}},"48":{"start":{"line":277,"column":12},"end":{"line":277,"column":47}},"49":{"start":{"line":280,"column":12},"end":{"line":280,"column":8712}},"50":{"start":{"line":286,"column":8},"end":{"line":286,"column":21}},"51":{"start":{"line":300,"column":8},"end":{"line":300,"column":79}},"52":{"start":{"line":304,"column":8},"end":{"line":304,"column":9429}},"53":{"start":{"line":306,"column":12},"end":{"line":306,"column":42}},"54":{"start":{"line":310,"column":8},"end":{"line":310,"column":21}}},"branchMap":{"1":{"line":43,"type":"if","locations":[{"start":{"line":43,"column":8},"end":{"line":43,"column":8}},{"start":{"line":43,"column":8},"end":{"line":43,"column":8}}]},"2":{"line":43,"type":"cond-expr","locations":[{"start":{"line":43,"column":12},"end":{"line":43,"column":49}},{"start":{"line":44,"column":12},"end":{"line":44,"column":49}}]},"3":{"line":55,"type":"if","locations":[{"start":{"line":55,"column":12},"end":{"line":55,"column":12}},{"start":{"line":55,"column":12},"end":{"line":55,"column":12}}]},"4":{"line":55,"type":"cond-expr","locations":[{"start":{"line":55,"column":16},"end":{"line":55,"column":40}},{"start":{"line":55,"column":45},"end":{"line":55,"column":69}}]},"5":{"line":61,"type":"if","locations":[{"start":{"line":61,"column":12},"end":{"line":61,"column":12}},{"start":{"line":61,"column":12},"end":{"line":61,"column":12}}]},"6":{"line":80,"type":"if","locations":[{"start":{"line":80,"column":8},"end":{"line":80,"column":8}},{"start":{"line":80,"column":8},"end":{"line":80,"column":8}}]},"7":{"line":106,"type":"if","locations":[{"start":{"line":106,"column":12},"end":{"line":106,"column":12}},{"start":{"line":106,"column":12},"end":{"line":106,"column":12}}]},"8":{"line":112,"type":"if","locations":[{"start":{"line":112,"column":8},"end":{"line":112,"column":8}},{"start":{"line":112,"column":8},"end":{"line":112,"column":8}}]},"9":{"line":112,"type":"cond-expr","locations":[{"start":{"line":112,"column":12},"end":{"line":112,"column":40}},{"start":{"line":112,"column":45},"end":{"line":112,"column":73}}]},"10":{"line":120,"type":"if","locations":[{"start":{"line":120,"column":12},"end":{"line":120,"column":12}},{"start":{"line":120,"column":12},"end":{"line":120,"column":12}}]},"11":{"line":145,"type":"if","locations":[{"start":{"line":145,"column":12},"end":{"line":145,"column":12}},{"start":{"line":145,"column":12},"end":{"line":145,"column":12}}]},"12":{"line":166,"type":"if","locations":[{"start":{"line":166,"column":8},"end":{"line":166,"column":8}},{"start":{"line":166,"column":8},"end":{"line":166,"column":8}}]},"13":{"line":172,"type":"if","locations":[{"start":{"line":172,"column":12},"end":{"line":172,"column":12}},{"start":{"line":172,"column":12},"end":{"line":172,"column":12}}]},"14":{"line":190,"type":"if","locations":[{"start":{"line":190,"column":8},"end":{"line":190,"column":8}},{"start":{"line":190,"column":8},"end":{"line":190,"column":8}}]},"15":{"line":221,"type":"if","locations":[{"start":{"line":221,"column":12},"end":{"line":221,"column":12}},{"start":{"line":221,"column":12},"end":{"line":221,"column":12}}]},"16":{"line":247,"type":"if","locations":[{"start":{"line":247,"column":12},"end":{"line":247,"column":12}},{"start":{"line":247,"column":12},"end":{"line":247,"column":12}}]},"17":{"line":280,"type":"if","locations":[{"start":{"line":280,"column":12},"end":{"line":280,"column":12}},{"start":{"line":280,"column":12},"end":{"line":280,"column":12}}]}}},"contracts/mocks/Mocks.sol":{"l":{"43":0,"45":0,"47":0,"58":0,"62":0,"63":0,"67":0,"68":0,"69":0,"71":0,"72":0,"86":0,"99":0,"100":0,"108":0,"113":0,"114":0,"115":0,"119":0,"120":0,"121":0,"123":0,"127":0,"146":0,"150":0,"154":0,"177":0,"179":0,"182":0,"183":0,"185":0,"187":0,"191":0,"195":7,"199":0,"200":0,"202":0,"203":0,"219":11,"227":10,"235":9,"243":0,"252":10,"260":32,"268":32,"276":0},"path":"/mnt/d/Rede/Github/mzfshark/CryptoDraw/contracts/mocks/Mocks.sol","s":{"1":0,"2":0,"3":0,"4":0,"5":0,"6":0,"7":0,"8":0,"9":0,"10":0,"11":0,"12":0,"13":0,"14":0,"15":0,"16":0,"17":0,"18":0,"19":0,"20":0,"21":0,"22":0,"23":0,"24":0,"25":0,"26":0,"27":0,"28":11,"29":10,"30":9,"31":0,"32":10,"33":32,"34":32,"35":0},"b":{"1":[0,0],"2":[0,0],"3":[0,0]},"f":{"1":0,"2":0,"3":0,"4":0,"5":0,"6":0,"7":0,"8":0,"9":0,"10":0,"11":0,"12":0,"13":0,"14":0,"15":0,"16":0,"17":0,"18":0,"19":7,"20":0,"21":11,"22":10,"23":9,"24":0,"25":10,"26":32,"27":32,"28":0},"fnMap":{"1":{"name":"constructor","line":34,"loc":{"start":{"line":34,"column":4},"end":{"line":34,"column":57}}},"2":{"name":"requestRandomWords","line":36,"loc":{"start":{"line":36,"column":4},"end":{"line":59,"column":4}}},"3":{"name":"getRequestConfig","line":61,"loc":{"start":{"line":61,"column":4},"end":{"line":64,"column":4}}},"4":{"name":"createSubscription","line":66,"loc":{"start":{"line":66,"column":4},"end":{"line":73,"column":4}}},"5":{"name":"getSubscription","line":75,"loc":{"start":{"line":75,"column":4},"end":{"line":92,"column":4}}},"6":{"name":"requestSubscriptionOwnerTransfer","line":94,"loc":{"start":{"line":94,"column":4},"end":{"line":94,"column":97}}},"7":{"name":"acceptSubscriptionOwnerTransfer","line":96,"loc":{"start":{"line":96,"column":4},"end":{"line":96,"column":78}}},"8":{"name":"addConsumer","line":98,"loc":{"start":{"line":98,"column":4},"end":{"line":101,"column":4}}},"9":{"name":"removeConsumer","line":103,"loc":{"start":{"line":103,"column":4},"end":{"line":103,"column":79}}},"10":{"name":"cancelSubscription","line":105,"loc":{"start":{"line":105,"column":4},"end":{"line":105,"column":77}}},"11":{"name":"pendingRequestExists","line":107,"loc":{"start":{"line":107,"column":4},"end":{"line":109,"column":4}}},"12":{"name":"fundSubscription","line":112,"loc":{"start":{"line":112,"column":4},"end":{"line":116,"column":4}}},"13":{"name":"fulfillRandomWords","line":118,"loc":{"start":{"line":118,"column":4},"end":{"line":128,"column":4}}},"14":{"name":"latestRoundData","line":135,"loc":{"start":{"line":135,"column":4},"end":{"line":147,"column":4}}},"15":{"name":"decimals","line":149,"loc":{"start":{"line":149,"column":4},"end":{"line":151,"column":4}}},"16":{"name":"setPrice","line":153,"loc":{"start":{"line":153,"column":4},"end":{"line":155,"column":4}}},"17":{"name":"buyTicketWithAgent","line":171,"loc":{"start":{"line":171,"column":4},"end":{"line":188,"column":4}}},"18":{"name":"getTicketPrice","line":190,"loc":{"start":{"line":190,"column":4},"end":{"line":192,"column":4}}},"19":{"name":"setTicketPrice","line":194,"loc":{"start":{"line":194,"column":4},"end":{"line":196,"column":4}}},"20":{"name":"withdrawCommission","line":198,"loc":{"start":{"line":198,"column":4},"end":{"line":204,"column":4}}},"21":{"name":"validateEasyLottoNumbers","line":214,"loc":{"start":{"line":214,"column":4},"end":{"line":220,"column":4}}},"22":{"name":"packEasyLottoNumbers","line":222,"loc":{"start":{"line":222,"column":4},"end":{"line":228,"column":4}}},"23":{"name":"unpackEasyLottoNumbers","line":230,"loc":{"start":{"line":230,"column":4},"end":{"line":236,"column":4}}},"24":{"name":"countEasyLottoMatches","line":238,"loc":{"start":{"line":238,"column":4},"end":{"line":244,"column":4}}},"25":{"name":"validateSuperSevenNumbers","line":247,"loc":{"start":{"line":247,"column":4},"end":{"line":253,"column":4}}},"26":{"name":"packSuperSevenNumbers","line":255,"loc":{"start":{"line":255,"column":4},"end":{"line":261,"column":4}}},"27":{"name":"unpackSuperSevenNumbers","line":263,"loc":{"start":{"line":263,"column":4},"end":{"line":269,"column":4}}},"28":{"name":"countSuperSevenMatches","line":271,"loc":{"start":{"line":271,"column":4},"end":{"line":277,"column":4}}}},"statementMap":{"1":{"start":{"line":43,"column":8},"end":{"line":43,"column":78}},"2":{"start":{"line":47,"column":8},"end":{"line":47,"column":1730}},"3":{"start":{"line":58,"column":8},"end":{"line":58,"column":24}},"4":{"start":{"line":62,"column":8},"end":{"line":62,"column":50}},"5":{"start":{"line":63,"column":8},"end":{"line":63,"column":29}},"6":{"start":{"line":71,"column":8},"end":{"line":71,"column":51}},"7":{"start":{"line":72,"column":8},"end":{"line":72,"column":20}},"8":{"start":{"line":86,"column":8},"end":{"line":86,"column":2762}},"9":{"start":{"line":99,"column":8},"end":{"line":99,"column":52}},"10":{"start":{"line":100,"column":8},"end":{"line":100,"column":55}},"11":{"start":{"line":108,"column":8},"end":{"line":108,"column":20}},"12":{"start":{"line":113,"column":8},"end":{"line":113,"column":56}},"13":{"start":{"line":115,"column":8},"end":{"line":115,"column":80}},"14":{"start":{"line":119,"column":8},"end":{"line":119,"column":55}},"15":{"start":{"line":123,"column":8},"end":{"line":123,"column":4274}},"16":{"start":{"line":127,"column":8},"end":{"line":127,"column":66}},"17":{"start":{"line":146,"column":8},"end":{"line":146,"column":64}},"18":{"start":{"line":150,"column":8},"end":{"line":150,"column":25}},"19":{"start":{"line":177,"column":8},"end":{"line":177,"column":75}},"20":{"start":{"line":179,"column":8},"end":{"line":179,"column":44}},"21":{"start":{"line":182,"column":8},"end":{"line":182,"column":48}},"22":{"start":{"line":185,"column":8},"end":{"line":185,"column":68}},"23":{"start":{"line":187,"column":8},"end":{"line":187,"column":23}},"24":{"start":{"line":191,"column":8},"end":{"line":191,"column":28}},"25":{"start":{"line":199,"column":8},"end":{"line":199,"column":57}},"26":{"start":{"line":200,"column":8},"end":{"line":200,"column":47}},"27":{"start":{"line":203,"column":8},"end":{"line":203,"column":47}},"28":{"start":{"line":219,"column":8},"end":{"line":219,"column":60}},"29":{"start":{"line":227,"column":8},"end":{"line":227,"column":56}},"30":{"start":{"line":235,"column":8},"end":{"line":235,"column":57}},"31":{"start":{"line":243,"column":8},"end":{"line":243,"column":66}},"32":{"start":{"line":252,"column":8},"end":{"line":252,"column":61}},"33":{"start":{"line":260,"column":8},"end":{"line":260,"column":57}},"34":{"start":{"line":268,"column":8},"end":{"line":268,"column":58}},"35":{"start":{"line":276,"column":8},"end":{"line":276,"column":67}}},"branchMap":{"1":{"line":43,"type":"if","locations":[{"start":{"line":43,"column":8},"end":{"line":43,"column":8}},{"start":{"line":43,"column":8},"end":{"line":43,"column":8}}]},"2":{"line":177,"type":"if","locations":[{"start":{"line":177,"column":8},"end":{"line":177,"column":8}},{"start":{"line":177,"column":8},"end":{"line":177,"column":8}}]},"3":{"line":200,"type":"if","locations":[{"start":{"line":200,"column":8},"end":{"line":200,"column":8}},{"start":{"line":200,"column":8},"end":{"line":200,"column":8}}]}}},"contracts/mocks/MockToken.sol":{"l":{"14":192,"18":0,"22":24,"26":0},"path":"/mnt/d/Rede/Github/mzfshark/CryptoDraw/contracts/mocks/MockToken.sol","s":{"1":0,"2":24,"3":0},"b":{},"f":{"1":192,"2":0,"3":24,"4":0,"5":24},"fnMap":{"1":{"name":"constructor","line":13,"loc":{"start":{"line":9,"column":4},"end":{"line":15,"column":4}}},"2":{"name":"decimals","line":17,"loc":{"start":{"line":17,"column":4},"end":{"line":19,"column":4}}},"3":{"name":"mint","line":21,"loc":{"start":{"line":21,"column":4},"end":{"line":23,"column":4}}},"4":{"name":"burn","line":25,"loc":{"start":{"line":25,"column":4},"end":{"line":27,"column":4}}},"5":{"name":"constructor","line":36,"loc":{"start":{"line":32,"column":4},"end":{"line":36,"column":42}}}},"statementMap":{"1":{"start":{"line":18,"column":8},"end":{"line":18,"column":24}},"2":{"start":{"line":22,"column":8},"end":{"line":22,"column":24}},"3":{"start":{"line":26,"column":8},"end":{"line":26,"column":26}}},"branchMap":{}},"contracts/PriceOracle.sol":{"l":{"112":69,"113":3,"115":66,"123":47,"124":47,"125":0,"126":0,"127":0,"128":0,"131":47,"132":47,"133":1,"136":46,"146":168,"149":168,"156":168,"157":168,"158":168,"175":2,"176":2,"177":0,"178":0,"180":2,"196":6,"198":5,"199":5,"200":5,"201":5,"202":0,"203":0,"207":5,"208":4,"211":1,"212":1,"215":0,"216":0,"219":5,"235":38,"237":37,"238":37,"239":37,"240":37,"241":0,"242":0,"246":37,"247":36,"250":1,"251":1,"254":0,"255":0,"258":37,"271":14,"273":13,"274":13,"276":13,"288":0,"290":0,"291":0,"292":0,"294":0,"296":0,"297":0,"299":0,"313":50,"314":49,"315":48,"317":47,"324":47,"326":47,"327":47,"343":4,"344":4,"345":4,"351":4,"358":1,"359":1,"367":0,"368":0,"370":0,"372":0,"375":0,"376":0,"377":0,"378":0,"379":0,"383":0,"391":4,"392":3,"402":0,"411":3,"412":2,"413":2,"414":0,"415":0,"416":0,"418":2,"427":1},"path":"/mnt/d/Rede/Github/mzfshark/CryptoDraw/contracts/PriceOracle.sol","s":{"1":69,"2":47,"3":47,"4":0,"5":0,"6":0,"7":47,"8":47,"9":168,"10":168,"11":168,"12":168,"13":2,"14":2,"15":0,"16":0,"17":2,"18":6,"19":5,"20":5,"21":5,"22":5,"23":0,"24":5,"25":1,"26":1,"27":0,"28":5,"29":38,"30":37,"31":37,"32":37,"33":37,"34":0,"35":37,"36":1,"37":1,"38":0,"39":37,"40":14,"41":13,"42":0,"43":0,"44":0,"45":0,"46":0,"47":50,"48":49,"49":48,"50":47,"51":47,"52":47,"53":4,"54":4,"55":4,"56":1,"57":0,"58":0,"59":0,"60":0,"61":0,"62":0,"63":4,"64":0,"65":3,"66":1,"67":2,"68":2,"69":0,"70":0,"71":0,"72":2,"73":1},"b":{"1":[3,66],"2":[0,47],"3":[0,0],"4":[0,0],"5":[1,46],"6":[0,168],"7":[2,0],"8":[2,0],"9":[0,2],"10":[7,1],"11":[6,1],"12":[1,5],"13":[0,5],"14":[4,1],"15":[1,0],"16":[38,1],"17":[38,0],"18":[1,37],"19":[0,37],"20":[36,1],"21":[1,0],"22":[15,1],"23":[14,1],"24":[1,13],"25":[0,0],"26":[0,0],"27":[0,0],"28":[0,0],"29":[50,1],"30":[49,1],"31":[48,1],"32":[1,47],"33":[4,0],"34":[4,0],"35":[0,4],"36":[4,0],"37":[1,0],"38":[1,0],"39":[0,0],"40":[0,0],"41":[0,0],"42":[0,0],"43":[4,1],"44":[3,1],"45":[1,2],"46":[0,2],"47":[0,0]},"f":{"1":69,"2":47,"3":168,"4":2,"5":6,"6":38,"7":14,"8":0,"9":50,"10":4,"11":1,"12":0,"13":4,"14":0,"15":3,"16":1},"fnMap":{"1":{"name":"onlySupportedToken","line":111,"loc":{"start":{"line":111,"column":4},"end":{"line":116,"column":4}}},"2":{"name":"notStale","line":122,"loc":{"start":{"line":122,"column":4},"end":{"line":137,"column":4}}},"3":{"name":"constructor","line":145,"loc":{"start":{"line":145,"column":4},"end":{"line":159,"column":4}}},"4":{"name":"getUSDPrice","line":172,"loc":{"start":{"line":168,"column":4},"end":{"line":181,"column":4}}},"5":{"name":"convertToUSD","line":193,"loc":{"start":{"line":189,"column":4},"end":{"line":220,"column":4}}},"6":{"name":"convertFromUSD","line":232,"loc":{"start":{"line":228,"column":4},"end":{"line":259,"column":4}}},"7":{"name":"updatePrice","line":269,"loc":{"start":{"line":266,"column":4},"end":{"line":277,"column":4}}},"8":{"name":"updatePrices","line":286,"loc":{"start":{"line":284,"column":4},"end":{"line":301,"column":4}}},"9":{"name":"addToken","line":311,"loc":{"start":{"line":309,"column":4},"end":{"line":328,"column":4}}},"10":{"name":"setBandFeed","line":342,"loc":{"start":{"line":337,"column":4},"end":{"line":352,"column":4}}},"11":{"name":"clearFeed","line":357,"loc":{"start":{"line":357,"column":4},"end":{"line":360,"column":4}}},"12":{"name":"removeToken","line":366,"loc":{"start":{"line":366,"column":4},"end":{"line":384,"column":4}}},"13":{"name":"setMaxPriceAge","line":390,"loc":{"start":{"line":390,"column":4},"end":{"line":393,"column":4}}},"14":{"name":"getSupportedTokens","line":401,"loc":{"start":{"line":401,"column":4},"end":{"line":403,"column":4}}},"15":{"name":"isPriceValid","line":410,"loc":{"start":{"line":410,"column":4},"end":{"line":419,"column":4}}},"16":{"name":"getTokenData","line":426,"loc":{"start":{"line":426,"column":4},"end":{"line":428,"column":4}}}},"statementMap":{"1":{"start":{"line":112,"column":8},"end":{"line":112,"column":3702}},"2":{"start":{"line":123,"column":8},"end":{"line":123,"column":50}},"3":{"start":{"line":124,"column":8},"end":{"line":124,"column":4046}},"4":{"start":{"line":125,"column":12},"end":{"line":125,"column":116}},"5":{"start":{"line":126,"column":12},"end":{"line":126,"column":113}},"6":{"start":{"line":127,"column":12},"end":{"line":127,"column":4336}},"7":{"start":{"line":131,"column":12},"end":{"line":131,"column":52}},"8":{"start":{"line":132,"column":12},"end":{"line":132,"column":4542}},"9":{"start":{"line":146,"column":8},"end":{"line":146,"column":70}},"10":{"start":{"line":156,"column":8},"end":{"line":156,"column":39}},"11":{"start":{"line":157,"column":8},"end":{"line":157,"column":71}},"12":{"start":{"line":158,"column":8},"end":{"line":158,"column":50}},"13":{"start":{"line":175,"column":8},"end":{"line":175,"column":50}},"14":{"start":{"line":176,"column":8},"end":{"line":176,"column":5931}},"15":{"start":{"line":177,"column":12},"end":{"line":177,"column":116}},"16":{"start":{"line":178,"column":12},"end":{"line":178,"column":26}},"17":{"start":{"line":180,"column":8},"end":{"line":180,"column":37}},"18":{"start":{"line":196,"column":8},"end":{"line":196,"column":44}},"19":{"start":{"line":198,"column":8},"end":{"line":198,"column":48}},"20":{"start":{"line":199,"column":8},"end":{"line":199,"column":46}},"21":{"start":{"line":200,"column":8},"end":{"line":200,"column":50}},"22":{"start":{"line":201,"column":8},"end":{"line":201,"column":6851}},"23":{"start":{"line":202,"column":12},"end":{"line":202,"column":116}},"24":{"start":{"line":207,"column":8},"end":{"line":207,"column":7129}},"25":{"start":{"line":209,"column":15},"end":{"line":209,"column":7221}},"26":{"start":{"line":211,"column":12},"end":{"line":211,"column":58}},"27":{"start":{"line":215,"column":12},"end":{"line":215,"column":58}},"28":{"start":{"line":219,"column":8},"end":{"line":219,"column":23}},"29":{"start":{"line":235,"column":8},"end":{"line":235,"column":47}},"30":{"start":{"line":237,"column":8},"end":{"line":237,"column":48}},"31":{"start":{"line":238,"column":8},"end":{"line":238,"column":34}},"32":{"start":{"line":239,"column":8},"end":{"line":239,"column":50}},"33":{"start":{"line":240,"column":8},"end":{"line":240,"column":8338}},"34":{"start":{"line":241,"column":12},"end":{"line":241,"column":116}},"35":{"start":{"line":246,"column":8},"end":{"line":246,"column":8595}},"36":{"start":{"line":248,"column":15},"end":{"line":248,"column":8693}},"37":{"start":{"line":250,"column":12},"end":{"line":250,"column":58}},"38":{"start":{"line":254,"column":12},"end":{"line":254,"column":58}},"39":{"start":{"line":258,"column":8},"end":{"line":258,"column":26}},"40":{"start":{"line":271,"column":8},"end":{"line":271,"column":56}},"41":{"start":{"line":276,"column":8},"end":{"line":276,"column":59}},"42":{"start":{"line":288,"column":8},"end":{"line":288,"column":72}},"43":{"start":{"line":290,"column":8},"end":{"line":290,"column":10074}},"44":{"start":{"line":291,"column":12},"end":{"line":291,"column":10137}},"45":{"start":{"line":294,"column":12},"end":{"line":294,"column":62}},"46":{"start":{"line":299,"column":12},"end":{"line":299,"column":68}},"47":{"start":{"line":313,"column":8},"end":{"line":313,"column":53}},"48":{"start":{"line":314,"column":8},"end":{"line":314,"column":70}},"49":{"start":{"line":315,"column":8},"end":{"line":315,"column":64}},"50":{"start":{"line":324,"column":8},"end":{"line":324,"column":34}},"51":{"start":{"line":326,"column":8},"end":{"line":326,"column":45}},"52":{"start":{"line":327,"column":8},"end":{"line":327,"column":63}},"53":{"start":{"line":343,"column":8},"end":{"line":343,"column":54}},"54":{"start":{"line":344,"column":8},"end":{"line":344,"column":81}},"55":{"start":{"line":351,"column":8},"end":{"line":351,"column":80}},"56":{"start":{"line":359,"column":8},"end":{"line":359,"column":81}},"57":{"start":{"line":367,"column":8},"end":{"line":367,"column":12848}},"58":{"start":{"line":370,"column":8},"end":{"line":370,"column":63}},"59":{"start":{"line":375,"column":8},"end":{"line":375,"column":13130}},"60":{"start":{"line":376,"column":12},"end":{"line":376,"column":13202}},"61":{"start":{"line":378,"column":16},"end":{"line":378,"column":36}},"62":{"start":{"line":383,"column":8},"end":{"line":383,"column":46}},"63":{"start":{"line":391,"column":8},"end":{"line":391,"column":48}},"64":{"start":{"line":402,"column":8},"end":{"line":402,"column":30}},"65":{"start":{"line":411,"column":8},"end":{"line":411,"column":53}},"66":{"start":{"line":411,"column":41},"end":{"line":411,"column":53}},"67":{"start":{"line":412,"column":8},"end":{"line":412,"column":50}},"68":{"start":{"line":413,"column":8},"end":{"line":413,"column":14447}},"69":{"start":{"line":414,"column":12},"end":{"line":414,"column":116}},"70":{"start":{"line":415,"column":12},"end":{"line":415,"column":113}},"71":{"start":{"line":416,"column":12},"end":{"line":416,"column":61}},"72":{"start":{"line":418,"column":8},"end":{"line":418,"column":77}},"73":{"start":{"line":427,"column":8},"end":{"line":427,"column":31}}},"branchMap":{"1":{"line":112,"type":"if","locations":[{"start":{"line":112,"column":8},"end":{"line":112,"column":8}},{"start":{"line":112,"column":8},"end":{"line":112,"column":8}}]},"2":{"line":124,"type":"if","locations":[{"start":{"line":124,"column":8},"end":{"line":124,"column":8}},{"start":{"line":124,"column":8},"end":{"line":124,"column":8}}]},"3":{"line":126,"type":"if","locations":[{"start":{"line":126,"column":73},"end":{"line":126,"column":90}},{"start":{"line":126,"column":94},"end":{"line":126,"column":112}}]},"4":{"line":127,"type":"if","locations":[{"start":{"line":127,"column":12},"end":{"line":127,"column":12}},{"start":{"line":127,"column":12},"end":{"line":127,"column":12}}]},"5":{"line":132,"type":"if","locations":[{"start":{"line":132,"column":12},"end":{"line":132,"column":12}},{"start":{"line":132,"column":12},"end":{"line":132,"column":12}}]},"6":{"line":146,"type":"if","locations":[{"start":{"line":146,"column":8},"end":{"line":146,"column":8}},{"start":{"line":146,"column":8},"end":{"line":146,"column":8}}]},"7":{"line":171,"type":"if","locations":[{"start":{"line":171,"column":8},"end":{"line":171,"column":8}},{"start":{"line":171,"column":8},"end":{"line":171,"column":8}}]},"8":{"line":172,"type":"if","locations":[{"start":{"line":172,"column":8},"end":{"line":172,"column":8}},{"start":{"line":172,"column":8},"end":{"line":172,"column":8}}]},"9":{"line":176,"type":"if","locations":[{"start":{"line":176,"column":8},"end":{"line":176,"column":8}},{"start":{"line":176,"column":8},"end":{"line":176,"column":8}}]},"10":{"line":192,"type":"if","locations":[{"start":{"line":192,"column":8},"end":{"line":192,"column":8}},{"start":{"line":192,"column":8},"end":{"line":192,"column":8}}]},"11":{"line":193,"type":"if","locations":[{"start":{"line":193,"column":8},"end":{"line":193,"column":8}},{"start":{"line":193,"column":8},"end":{"line":193,"column":8}}]},"12":{"line":196,"type":"if","locations":[{"start":{"line":196,"column":8},"end":{"line":196,"column":8}},{"start":{"line":196,"column":8},"end":{"line":196,"column":8}}]},"13":{"line":201,"type":"if","locations":[{"start":{"line":201,"column":8},"end":{"line":201,"column":8}},{"start":{"line":201,"column":8},"end":{"line":201,"column":8}}]},"14":{"line":207,"type":"if","locations":[{"start":{"line":207,"column":8},"end":{"line":207,"column":8}},{"start":{"line":207,"column":8},"end":{"line":207,"column":8}}]},"15":{"line":209,"type":"if","locations":[{"start":{"line":209,"column":15},"end":{"line":209,"column":15}},{"start":{"line":209,"column":15},"end":{"line":209,"column":15}}]},"16":{"line":231,"type":"if","locations":[{"start":{"line":231,"column":8},"end":{"line":231,"column":8}},{"start":{"line":231,"column":8},"end":{"line":231,"column":8}}]},"17":{"line":232,"type":"if","locations":[{"start":{"line":232,"column":8},"end":{"line":232,"column":8}},{"start":{"line":232,"column":8},"end":{"line":232,"column":8}}]},"18":{"line":235,"type":"if","locations":[{"start":{"line":235,"column":8},"end":{"line":235,"column":8}},{"start":{"line":235,"column":8},"end":{"line":235,"column":8}}]},"19":{"line":240,"type":"if","locations":[{"start":{"line":240,"column":8},"end":{"line":240,"column":8}},{"start":{"line":240,"column":8},"end":{"line":240,"column":8}}]},"20":{"line":246,"type":"if","locations":[{"start":{"line":246,"column":8},"end":{"line":246,"column":8}},{"start":{"line":246,"column":8},"end":{"line":246,"column":8}}]},"21":{"line":248,"type":"if","locations":[{"start":{"line":248,"column":15},"end":{"line":248,"column":15}},{"start":{"line":248,"column":15},"end":{"line":248,"column":15}}]},"22":{"line":268,"type":"if","locations":[{"start":{"line":268,"column":8},"end":{"line":268,"column":8}},{"start":{"line":268,"column":8},"end":{"line":268,"column":8}}]},"23":{"line":269,"type":"if","locations":[{"start":{"line":269,"column":8},"end":{"line":269,"column":8}},{"start":{"line":269,"column":8},"end":{"line":269,"column":8}}]},"24":{"line":271,"type":"if","locations":[{"start":{"line":271,"column":8},"end":{"line":271,"column":8}},{"start":{"line":271,"column":8},"end":{"line":271,"column":8}}]},"25":{"line":286,"type":"if","locations":[{"start":{"line":286,"column":8},"end":{"line":286,"column":8}},{"start":{"line":286,"column":8},"end":{"line":286,"column":8}}]},"26":{"line":288,"type":"if","locations":[{"start":{"line":288,"column":8},"end":{"line":288,"column":8}},{"start":{"line":288,"column":8},"end":{"line":288,"column":8}}]},"27":{"line":291,"type":"if","locations":[{"start":{"line":291,"column":12},"end":{"line":291,"column":12}},{"start":{"line":291,"column":12},"end":{"line":291,"column":12}}]},"28":{"line":294,"type":"if","locations":[{"start":{"line":294,"column":12},"end":{"line":294,"column":12}},{"start":{"line":294,"column":12},"end":{"line":294,"column":12}}]},"29":{"line":311,"type":"if","locations":[{"start":{"line":311,"column":8},"end":{"line":311,"column":8}},{"start":{"line":311,"column":8},"end":{"line":311,"column":8}}]},"30":{"line":313,"type":"if","locations":[{"start":{"line":313,"column":8},"end":{"line":313,"column":8}},{"start":{"line":313,"column":8},"end":{"line":313,"column":8}}]},"31":{"line":314,"type":"if","locations":[{"start":{"line":314,"column":8},"end":{"line":314,"column":8}},{"start":{"line":314,"column":8},"end":{"line":314,"column":8}}]},"32":{"line":315,"type":"if","locations":[{"start":{"line":315,"column":8},"end":{"line":315,"column":8}},{"start":{"line":315,"column":8},"end":{"line":315,"column":8}}]},"33":{"line":342,"type":"if","locations":[{"start":{"line":342,"column":15},"end":{"line":342,"column":15}},{"start":{"line":342,"column":15},"end":{"line":342,"column":15}}]},"34":{"line":342,"type":"if","locations":[{"start":{"line":342,"column":25},"end":{"line":342,"column":25}},{"start":{"line":342,"column":25},"end":{"line":342,"column":25}}]},"35":{"line":343,"type":"if","locations":[{"start":{"line":343,"column":8},"end":{"line":343,"column":8}},{"start":{"line":343,"column":8},"end":{"line":343,"column":8}}]},"36":{"line":344,"type":"if","locations":[{"start":{"line":344,"column":8},"end":{"line":344,"column":8}},{"start":{"line":344,"column":8},"end":{"line":344,"column":8}}]},"37":{"line":357,"type":"if","locations":[{"start":{"line":357,"column":47},"end":{"line":357,"column":47}},{"start":{"line":357,"column":47},"end":{"line":357,"column":47}}]},"38":{"line":357,"type":"if","locations":[{"start":{"line":357,"column":57},"end":{"line":357,"column":57}},{"start":{"line":357,"column":57},"end":{"line":357,"column":57}}]},"39":{"line":366,"type":"if","locations":[{"start":{"line":366,"column":49},"end":{"line":366,"column":49}},{"start":{"line":366,"column":49},"end":{"line":366,"column":49}}]},"40":{"line":367,"type":"if","locations":[{"start":{"line":367,"column":8},"end":{"line":367,"column":8}},{"start":{"line":367,"column":8},"end":{"line":367,"column":8}}]},"41":{"line":370,"type":"if","locations":[{"start":{"line":370,"column":8},"end":{"line":370,"column":8}},{"start":{"line":370,"column":8},"end":{"line":370,"column":8}}]},"42":{"line":376,"type":"if","locations":[{"start":{"line":376,"column":12},"end":{"line":376,"column":12}},{"start":{"line":376,"column":12},"end":{"line":376,"column":12}}]},"43":{"line":390,"type":"if","locations":[{"start":{"line":390,"column":56},"end":{"line":390,"column":56}},{"start":{"line":390,"column":56},"end":{"line":390,"column":56}}]},"44":{"line":391,"type":"if","locations":[{"start":{"line":391,"column":8},"end":{"line":391,"column":8}},{"start":{"line":391,"column":8},"end":{"line":391,"column":8}}]},"45":{"line":411,"type":"if","locations":[{"start":{"line":411,"column":8},"end":{"line":411,"column":8}},{"start":{"line":411,"column":8},"end":{"line":411,"column":8}}]},"46":{"line":413,"type":"if","locations":[{"start":{"line":413,"column":8},"end":{"line":413,"column":8}},{"start":{"line":413,"column":8},"end":{"line":413,"column":8}}]},"47":{"line":415,"type":"if","locations":[{"start":{"line":415,"column":73},"end":{"line":415,"column":90}},{"start":{"line":415,"column":94},"end":{"line":415,"column":112}}]}}},"contracts/TicketNFT.sol":{"l":{"93":118,"94":113,"104":78,"105":78,"126":87,"127":86,"129":84,"130":84,"132":84,"134":84,"145":84,"147":84,"155":7,"157":5,"158":5,"170":10,"178":9,"180":8,"181":8,"183":7,"186":7,"187":1,"203":14,"204":13,"221":0,"222":0,"223":0,"232":0,"233":0,"247":0,"248":0,"263":4,"265":3,"267":3,"268":3,"271":3,"274":3,"285":3,"300":3,"309":18,"311":15,"312":15,"314":15,"321":3,"322":0,"323":0,"324":0,"336":94,"339":94,"340":5,"350":18,"351":6,"353":12,"354":12,"355":12,"356":12,"357":12,"359":12,"360":12,"361":12,"362":12,"363":12,"364":12,"366":12,"375":3,"376":3,"377":3,"378":3,"380":3,"381":3,"382":3,"383":364,"384":364,"385":364,"387":364,"388":364,"389":364,"390":364,"392":364,"393":364,"394":364,"395":364,"398":3},"path":"/mnt/d/Rede/Github/mzfshark/CryptoDraw/contracts/TicketNFT.sol","s":{"1":118,"2":78,"3":87,"4":86,"5":84,"6":84,"7":84,"8":84,"9":84,"10":7,"11":5,"12":5,"13":10,"14":9,"15":8,"16":8,"17":7,"18":1,"19":14,"20":13,"21":0,"22":0,"23":0,"24":0,"25":0,"26":0,"27":0,"28":0,"29":4,"30":3,"31":3,"32":3,"33":3,"34":3,"35":3,"36":3,"37":18,"38":15,"39":15,"40":3,"41":3,"42":0,"43":0,"44":0,"45":0,"46":0,"47":94,"48":94,"49":18,"50":6,"51":12,"52":12,"53":12,"54":12,"55":12,"56":12,"57":12,"58":3,"59":3,"60":3,"61":3,"62":3,"63":3,"64":3,"65":364,"66":364,"67":364,"68":364,"69":364,"70":364,"71":364,"72":3},"b":{"1":[5,113],"2":[78,2],"3":[78,0],"4":[87,3],"5":[86,1],"6":[84,2],"7":[7,2],"8":[10,0],"9":[9,0],"10":[1,8],"11":[7,1],"12":[1,6],"13":[1,13],"14":[0,0],"15":[0,0],"16":[0,0],"17":[1,3],"18":[1,2],"19":[3,15],"20":[3,0],"21":[0,0],"22":[0,0],"23":[5,89],"24":[6,12],"25":[364,0],"26":[361,3],"27":[364,0],"28":[364,0]},"f":{"1":222,"2":118,"3":78,"4":87,"5":7,"6":10,"7":9,"8":14,"9":0,"10":0,"11":0,"12":4,"13":18,"14":3,"15":94,"16":18,"17":3},"fnMap":{"1":{"name":"constructor","line":88,"loc":{"start":{"line":88,"column":4},"end":{"line":88,"column":56}}},"2":{"name":"onlyCryptoDraw","line":92,"loc":{"start":{"line":92,"column":4},"end":{"line":95,"column":4}}},"3":{"name":"setCryptoDrawAddress","line":103,"loc":{"start":{"line":103,"column":4},"end":{"line":106,"column":4}}},"4":{"name":"mint","line":125,"loc":{"start":{"line":119,"column":4},"end":{"line":148,"column":4}}},"5":{"name":"burn","line":154,"loc":{"start":{"line":154,"column":4},"end":{"line":159,"column":4}}},"6":{"name":"updateStatus","line":168,"loc":{"start":{"line":166,"column":4},"end":{"line":171,"column":4}}},"7":{"name":"decrementRounds","line":177,"loc":{"start":{"line":177,"column":4},"end":{"line":189,"column":4}}},"8":{"name":"getTicket","line":198,"loc":{"start":{"line":198,"column":4},"end":{"line":205,"column":4}}},"9":{"name":"getTicketBasic","line":211,"loc":{"start":{"line":211,"column":4},"end":{"line":224,"column":4}}},"10":{"name":"isTicketActive","line":231,"loc":{"start":{"line":231,"column":4},"end":{"line":235,"column":4}}},"11":{"name":"getTicketStatus","line":242,"loc":{"start":{"line":242,"column":4},"end":{"line":249,"column":4}}},"12":{"name":"tokenURI","line":256,"loc":{"start":{"line":256,"column":4},"end":{"line":301,"column":4}}},"13":{"name":"_updateTicketStatus","line":308,"loc":{"start":{"line":308,"column":4},"end":{"line":315,"column":4}}},"14":{"name":"_getStatusName","line":320,"loc":{"start":{"line":320,"column":4},"end":{"line":325,"column":4}}},"15":{"name":"_beforeTokenTransfer","line":330,"loc":{"start":{"line":330,"column":4},"end":{"line":342,"column":4}}},"16":{"name":"_uint2str","line":349,"loc":{"start":{"line":349,"column":4},"end":{"line":367,"column":4}}},"17":{"name":"_base64Encode","line":374,"loc":{"start":{"line":374,"column":4},"end":{"line":399,"column":4}}}},"statementMap":{"1":{"start":{"line":93,"column":8},"end":{"line":93,"column":76}},"2":{"start":{"line":104,"column":8},"end":{"line":104,"column":67}},"3":{"start":{"line":126,"column":8},"end":{"line":126,"column":53}},"4":{"start":{"line":127,"column":8},"end":{"line":127,"column":66}},"5":{"start":{"line":129,"column":8},"end":{"line":129,"column":51}},"6":{"start":{"line":130,"column":8},"end":{"line":130,"column":34}},"7":{"start":{"line":132,"column":8},"end":{"line":132,"column":29}},"8":{"start":{"line":145,"column":8},"end":{"line":145,"column":63}},"9":{"start":{"line":147,"column":8},"end":{"line":147,"column":22}},"10":{"start":{"line":155,"column":8},"end":{"line":155,"column":56}},"11":{"start":{"line":157,"column":8},"end":{"line":157,"column":21}},"12":{"start":{"line":158,"column":8},"end":{"line":158,"column":34}},"13":{"start":{"line":170,"column":8},"end":{"line":170,"column":46}},"14":{"start":{"line":178,"column":8},"end":{"line":178,"column":54}},"15":{"start":{"line":180,"column":8},"end":{"line":180,"column":49}},"16":{"start":{"line":181,"column":8},"end":{"line":181,"column":65}},"17":{"start":{"line":186,"column":8},"end":{"line":186,"column":5728}},"18":{"start":{"line":187,"column":12},"end":{"line":187,"column":61}},"19":{"start":{"line":203,"column":8},"end":{"line":203,"column":54}},"20":{"start":{"line":204,"column":8},"end":{"line":204,"column":32}},"21":{"start":{"line":221,"column":8},"end":{"line":221,"column":54}},"22":{"start":{"line":222,"column":8},"end":{"line":222,"column":48}},"23":{"start":{"line":223,"column":8},"end":{"line":223,"column":83}},"24":{"start":{"line":232,"column":8},"end":{"line":232,"column":43}},"25":{"start":{"line":232,"column":31},"end":{"line":232,"column":43}},"26":{"start":{"line":233,"column":8},"end":{"line":233,"column":7200}},"27":{"start":{"line":247,"column":8},"end":{"line":247,"column":54}},"28":{"start":{"line":248,"column":8},"end":{"line":248,"column":39}},"29":{"start":{"line":263,"column":8},"end":{"line":263,"column":54}},"30":{"start":{"line":265,"column":8},"end":{"line":265,"column":48}},"31":{"start":{"line":267,"column":4},"end":{"line":267,"column":92}},"32":{"start":{"line":268,"column":8},"end":{"line":268,"column":64}},"33":{"start":{"line":271,"column":8},"end":{"line":271,"column":83}},"34":{"start":{"line":274,"column":8},"end":{"line":274,"column":8421}},"35":{"start":{"line":285,"column":8},"end":{"line":285,"column":8718}},"36":{"start":{"line":300,"column":8},"end":{"line":300,"column":104}},"37":{"start":{"line":309,"column":8},"end":{"line":309,"column":54}},"38":{"start":{"line":311,"column":8},"end":{"line":311,"column":57}},"39":{"start":{"line":314,"column":8},"end":{"line":314,"column":63}},"40":{"start":{"line":321,"column":8},"end":{"line":321,"column":58}},"41":{"start":{"line":321,"column":43},"end":{"line":321,"column":58}},"42":{"start":{"line":322,"column":8},"end":{"line":322,"column":60}},"43":{"start":{"line":322,"column":44},"end":{"line":322,"column":60}},"44":{"start":{"line":323,"column":8},"end":{"line":323,"column":62}},"45":{"start":{"line":323,"column":45},"end":{"line":323,"column":62}},"46":{"start":{"line":324,"column":8},"end":{"line":324,"column":23}},"47":{"start":{"line":336,"column":8},"end":{"line":336,"column":63}},"48":{"start":{"line":339,"column":8},"end":{"line":339,"column":10936}},"49":{"start":{"line":350,"column":8},"end":{"line":350,"column":11243}},"50":{"start":{"line":351,"column":12},"end":{"line":351,"column":22}},"51":{"start":{"line":353,"column":8},"end":{"line":353,"column":22}},"52":{"start":{"line":354,"column":8},"end":{"line":354,"column":22}},"53":{"start":{"line":355,"column":8},"end":{"line":355,"column":11353}},"54":{"start":{"line":359,"column":8},"end":{"line":359,"column":45}},"55":{"start":{"line":360,"column":8},"end":{"line":360,"column":26}},"56":{"start":{"line":362,"column":8},"end":{"line":362,"column":11529}},"57":{"start":{"line":366,"column":8},"end":{"line":366,"column":27}},"58":{"start":{"line":375,"column":8},"end":{"line":375,"column":42}},"59":{"start":{"line":376,"column":8},"end":{"line":376,"column":58}},"60":{"start":{"line":377,"column":8},"end":{"line":377,"column":53}},"61":{"start":{"line":378,"column":8},"end":{"line":378,"column":41}},"62":{"start":{"line":380,"column":8},"end":{"line":380,"column":21}},"63":{"start":{"line":381,"column":8},"end":{"line":381,"column":21}},"64":{"start":{"line":382,"column":8},"end":{"line":382,"column":12188}},"65":{"start":{"line":383,"column":12},"end":{"line":383,"column":41}},"66":{"start":{"line":384,"column":12},"end":{"line":384,"column":63}},"67":{"start":{"line":385,"column":12},"end":{"line":385,"column":63}},"68":{"start":{"line":387,"column":12},"end":{"line":387,"column":35}},"69":{"start":{"line":388,"column":12},"end":{"line":388,"column":57}},"70":{"start":{"line":389,"column":12},"end":{"line":389,"column":57}},"71":{"start":{"line":390,"column":12},"end":{"line":390,"column":37}},"72":{"start":{"line":398,"column":8},"end":{"line":398,"column":29}}},"branchMap":{"1":{"line":93,"type":"if","locations":[{"start":{"line":93,"column":8},"end":{"line":93,"column":8}},{"start":{"line":93,"column":8},"end":{"line":93,"column":8}}]},"2":{"line":103,"type":"if","locations":[{"start":{"line":103,"column":71},"end":{"line":103,"column":71}},{"start":{"line":103,"column":71},"end":{"line":103,"column":71}}]},"3":{"line":104,"type":"if","locations":[{"start":{"line":104,"column":8},"end":{"line":104,"column":8}},{"start":{"line":104,"column":8},"end":{"line":104,"column":8}}]},"4":{"line":125,"type":"if","locations":[{"start":{"line":125,"column":15},"end":{"line":125,"column":15}},{"start":{"line":125,"column":15},"end":{"line":125,"column":15}}]},"5":{"line":126,"type":"if","locations":[{"start":{"line":126,"column":8},"end":{"line":126,"column":8}},{"start":{"line":126,"column":8},"end":{"line":126,"column":8}}]},"6":{"line":127,"type":"if","locations":[{"start":{"line":127,"column":8},"end":{"line":127,"column":8}},{"start":{"line":127,"column":8},"end":{"line":127,"column":8}}]},"7":{"line":154,"type":"if","locations":[{"start":{"line":154,"column":51},"end":{"line":154,"column":51}},{"start":{"line":154,"column":51},"end":{"line":154,"column":51}}]},"8":{"line":168,"type":"if","locations":[{"start":{"line":168,"column":8},"end":{"line":168,"column":8}},{"start":{"line":168,"column":8},"end":{"line":168,"column":8}}]},"9":{"line":177,"type":"if","locations":[{"start":{"line":177,"column":55},"end":{"line":177,"column":55}},{"start":{"line":177,"column":55},"end":{"line":177,"column":55}}]},"10":{"line":178,"type":"if","locations":[{"start":{"line":178,"column":8},"end":{"line":178,"column":8}},{"start":{"line":178,"column":8},"end":{"line":178,"column":8}}]},"11":{"line":181,"type":"if","locations":[{"start":{"line":181,"column":8},"end":{"line":181,"column":8}},{"start":{"line":181,"column":8},"end":{"line":181,"column":8}}]},"12":{"line":186,"type":"if","locations":[{"start":{"line":186,"column":8},"end":{"line":186,"column":8}},{"start":{"line":186,"column":8},"end":{"line":186,"column":8}}]},"13":{"line":203,"type":"if","locations":[{"start":{"line":203,"column":8},"end":{"line":203,"column":8}},{"start":{"line":203,"column":8},"end":{"line":203,"column":8}}]},"14":{"line":221,"type":"if","locations":[{"start":{"line":221,"column":8},"end":{"line":221,"column":8}},{"start":{"line":221,"column":8},"end":{"line":221,"column":8}}]},"15":{"line":232,"type":"if","locations":[{"start":{"line":232,"column":8},"end":{"line":232,"column":8}},{"start":{"line":232,"column":8},"end":{"line":232,"column":8}}]},"16":{"line":247,"type":"if","locations":[{"start":{"line":247,"column":8},"end":{"line":247,"column":8}},{"start":{"line":247,"column":8},"end":{"line":247,"column":8}}]},"17":{"line":263,"type":"if","locations":[{"start":{"line":263,"column":8},"end":{"line":263,"column":8}},{"start":{"line":263,"column":8},"end":{"line":263,"column":8}}]},"18":{"line":267,"type":"if","locations":[{"start":{"line":267,"column":66},"end":{"line":267,"column":77}},{"start":{"line":267,"column":81},"end":{"line":267,"column":91}}]},"19":{"line":309,"type":"if","locations":[{"start":{"line":309,"column":8},"end":{"line":309,"column":8}},{"start":{"line":309,"column":8},"end":{"line":309,"column":8}}]},"20":{"line":321,"type":"if","locations":[{"start":{"line":321,"column":8},"end":{"line":321,"column":8}},{"start":{"line":321,"column":8},"end":{"line":321,"column":8}}]},"21":{"line":322,"type":"if","locations":[{"start":{"line":322,"column":8},"end":{"line":322,"column":8}},{"start":{"line":322,"column":8},"end":{"line":322,"column":8}}]},"22":{"line":323,"type":"if","locations":[{"start":{"line":323,"column":8},"end":{"line":323,"column":8}},{"start":{"line":323,"column":8},"end":{"line":323,"column":8}}]},"23":{"line":339,"type":"if","locations":[{"start":{"line":339,"column":8},"end":{"line":339,"column":8}},{"start":{"line":339,"column":8},"end":{"line":339,"column":8}}]},"24":{"line":350,"type":"if","locations":[{"start":{"line":350,"column":8},"end":{"line":350,"column":8}},{"start":{"line":350,"column":8},"end":{"line":350,"column":8}}]},"25":{"line":384,"type":"if","locations":[{"start":{"line":384,"column":42},"end":{"line":384,"column":58}},{"start":{"line":384,"column":62},"end":{"line":384,"column":62}}]},"26":{"line":385,"type":"if","locations":[{"start":{"line":385,"column":42},"end":{"line":385,"column":58}},{"start":{"line":385,"column":62},"end":{"line":385,"column":62}}]},"27":{"line":394,"type":"if","locations":[{"start":{"line":394,"column":40},"end":{"line":394,"column":52}},{"start":{"line":394,"column":56},"end":{"line":394,"column":66}}]},"28":{"line":395,"type":"if","locations":[{"start":{"line":395,"column":40},"end":{"line":395,"column":52}},{"start":{"line":395,"column":56},"end":{"line":395,"column":66}}]}}}}